# JRE version: OpenJDK Runtime Environment (8.0_252-b09) (build 1.8.0_252-b09)
# Java VM: OpenJDK 64-Bit Server VM (25.252-b09 mixed mode linux-amd64 compressed oops)
Heap:
 def new generation   total 4928K, used 2397K [0x00000000f0e00000, 0x00000000f1350000, 0x00000000f5ea0000)
  eden space 4416K,  53% used [0x00000000f0e00000, 0x00000000f10520e8, 0x00000000f1250000)
  from space 512K,   4% used [0x00000000f1250000, 0x00000000f1255458, 0x00000000f12d0000)
  to   space 512K,   0% used [0x00000000f12d0000, 0x00000000f12d0000, 0x00000000f1350000)
 tenured generation   total 10944K, used 3454K [0x00000000f5ea0000, 0x00000000f6950000, 0x0000000100000000)
   the space 10944K,  31% used [0x00000000f5ea0000, 0x00000000f61ff928, 0x00000000f61ffa00, 0x00000000f6950000)
 Metaspace       used 11152K, capacity 11464K, committed 11520K, reserved 1058816K
  class space    used 1377K, capacity 1496K, committed 1536K, reserved 1048576K
GC Heap History (20 events):
Event: 0.162 GC heap before
{Heap before GC invocations=0 (full 0):
 def new generation   total 4928K, used 4416K [0x00000000f0e00000, 0x00000000f1350000, 0x00000000f5ea0000)
  eden space 4416K, 100% used [0x00000000f0e00000, 0x00000000f1250000, 0x00000000f1250000)
  from space 512K,   0% used [0x00000000f1250000, 0x00000000f1250000, 0x00000000f12d0000)
  to   space 512K,   0% used [0x00000000f12d0000, 0x00000000f12d0000, 0x00000000f1350000)
 tenured generation   total 10944K, used 0K [0x00000000f5ea0000, 0x00000000f6950000, 0x0000000100000000)
   the space 10944K,   0% used [0x00000000f5ea0000, 0x00000000f5ea0000, 0x00000000f5ea0200, 0x00000000f6950000)
 Metaspace       used 4595K, capacity 4920K, committed 5248K, reserved 1056768K
  class space    used 468K, capacity 536K, committed 640K, reserved 1048576K
Event: 0.164 GC heap after
Heap after GC invocations=1 (full 0):
 def new generation   total 4928K, used 512K [0x00000000f0e00000, 0x00000000f1350000, 0x00000000f5ea0000)
  eden space 4416K,   0% used [0x00000000f0e00000, 0x00000000f0e00000, 0x00000000f1250000)
  from space 512K, 100% used [0x00000000f12d0000, 0x00000000f1350000, 0x00000000f1350000)
  to   space 512K,   0% used [0x00000000f1250000, 0x00000000f1250000, 0x00000000f12d0000)
 tenured generation   total 10944K, used 407K [0x00000000f5ea0000, 0x00000000f6950000, 0x0000000100000000)
   the space 10944K,   3% used [0x00000000f5ea0000, 0x00000000f5f05e00, 0x00000000f5f05e00, 0x00000000f6950000)
 Metaspace       used 4595K, capacity 4920K, committed 5248K, reserved 1056768K
  class space    used 468K, capacity 536K, committed 640K, reserved 1048576K
}
Event: 0.235 GC heap before
{Heap before GC invocations=1 (full 0):
 def new generation   total 4928K, used 4928K [0x00000000f0e00000, 0x00000000f1350000, 0x00000000f5ea0000)
  eden space 4416K, 100% used [0x00000000f0e00000, 0x00000000f1250000, 0x00000000f1250000)
  from space 512K, 100% used [0x00000000f12d0000, 0x00000000f1350000, 0x00000000f1350000)
  to   space 512K,   0% used [0x00000000f1250000, 0x00000000f1250000, 0x00000000f12d0000)
 tenured generation   total 10944K, used 407K [0x00000000f5ea0000, 0x00000000f6950000, 0x0000000100000000)
   the space 10944K,   3% used [0x00000000f5ea0000, 0x00000000f5f05e00, 0x00000000f5f05e00, 0x00000000f6950000)
 Metaspace       used 4971K, capacity 5104K, committed 5248K, reserved 1056768K
  class space    used 522K, capacity 576K, committed 640K, reserved 1048576K
Event: 0.238 GC heap after
Heap after GC invocations=2 (full 0):
 def new generation   total 4928K, used 512K [0x00000000f0e00000, 0x00000000f1350000, 0x00000000f5ea0000)
  eden space 4416K,   0% used [0x00000000f0e00000, 0x00000000f0e00000, 0x00000000f1250000)
  from space 512K, 100% used [0x00000000f1250000, 0x00000000f12d0000, 0x00000000f12d0000)
  to   space 512K,   0% used [0x00000000f12d0000, 0x00000000f12d0000, 0x00000000f1350000)
 tenured generation   total 10944K, used 908K [0x00000000f5ea0000, 0x00000000f6950000, 0x0000000100000000)
   the space 10944K,   8% used [0x00000000f5ea0000, 0x00000000f5f83160, 0x00000000f5f83200, 0x00000000f6950000)
 Metaspace       used 4971K, capacity 5104K, committed 5248K, reserved 1056768K
  class space    used 522K, capacity 576K, committed 640K, reserved 1048576K
}
Event: 0.362 GC heap before
{Heap before GC invocations=2 (full 0):
 def new generation   total 4928K, used 4928K [0x00000000f0e00000, 0x00000000f1350000, 0x00000000f5ea0000)
  eden space 4416K, 100% used [0x00000000f0e00000, 0x00000000f1250000, 0x00000000f1250000)
  from space 512K, 100% used [0x00000000f1250000, 0x00000000f12d0000, 0x00000000f12d0000)
  to   space 512K,   0% used [0x00000000f12d0000, 0x00000000f12d0000, 0x00000000f1350000)
 tenured generation   total 10944K, used 908K [0x00000000f5ea0000, 0x00000000f6950000, 0x0000000100000000)
   the space 10944K,   8% used [0x00000000f5ea0000, 0x00000000f5f83160, 0x00000000f5f83200, 0x00000000f6950000)
 Metaspace       used 5953K, capacity 6112K, committed 6144K, reserved 1056768K
  class space    used 672K, capacity 736K, committed 768K, reserved 1048576K
Event: 0.364 GC heap after
Heap after GC invocations=3 (full 0):
 def new generation   total 4928K, used 512K [0x00000000f0e00000, 0x00000000f1350000, 0x00000000f5ea0000)
  eden space 4416K,   0% used [0x00000000f0e00000, 0x00000000f0e00000, 0x00000000f1250000)
  from space 512K, 100% used [0x00000000f12d0000, 0x00000000f1350000, 0x00000000f1350000)
  to   space 512K,   0% used [0x00000000f1250000, 0x00000000f1250000, 0x00000000f12d0000)
 tenured generation   total 10944K, used 1311K [0x00000000f5ea0000, 0x00000000f6950000, 0x0000000100000000)
   the space 10944K,  11% used [0x00000000f5ea0000, 0x00000000f5fe7e18, 0x00000000f5fe8000, 0x00000000f6950000)
 Metaspace       used 5953K, capacity 6112K, committed 6144K, reserved 1056768K
  class space    used 672K, capacity 736K, committed 768K, reserved 1048576K
}
Event: 0.450 GC heap before
{Heap before GC invocations=3 (full 0):
 def new generation   total 4928K, used 4928K [0x00000000f0e00000, 0x00000000f1350000, 0x00000000f5ea0000)
  eden space 4416K, 100% used [0x00000000f0e00000, 0x00000000f1250000, 0x00000000f1250000)
  from space 512K, 100% used [0x00000000f12d0000, 0x00000000f1350000, 0x00000000f1350000)
  to   space 512K,   0% used [0x00000000f1250000, 0x00000000f1250000, 0x00000000f12d0000)
 tenured generation   total 10944K, used 1311K [0x00000000f5ea0000, 0x00000000f6950000, 0x0000000100000000)
   the space 10944K,  11% used [0x00000000f5ea0000, 0x00000000f5fe7e18, 0x00000000f5fe8000, 0x00000000f6950000)
 Metaspace       used 7026K, capacity 7176K, committed 7296K, reserved 1056768K
  class space    used 813K, capacity 884K, committed 896K, reserved 1048576K
Event: 0.452 GC heap after
Heap after GC invocations=4 (full 0):
 def new generation   total 4928K, used 511K [0x00000000f0e00000, 0x00000000f1350000, 0x00000000f5ea0000)
  eden space 4416K,   0% used [0x00000000f0e00000, 0x00000000f0e00000, 0x00000000f1250000)
  from space 512K,  99% used [0x00000000f1250000, 0x00000000f12cfff0, 0x00000000f12d0000)
  to   space 512K,   0% used [0x00000000f12d0000, 0x00000000f12d0000, 0x00000000f1350000)
 tenured generation   total 10944K, used 1733K [0x00000000f5ea0000, 0x00000000f6950000, 0x0000000100000000)
   the space 10944K,  15% used [0x00000000f5ea0000, 0x00000000f60514a8, 0x00000000f6051600, 0x00000000f6950000)
 Metaspace       used 7026K, capacity 7176K, committed 7296K, reserved 1056768K
  class space    used 813K, capacity 884K, committed 896K, reserved 1048576K
}
Event: 0.516 GC heap before
{Heap before GC invocations=4 (full 0):
 def new generation   total 4928K, used 4927K [0x00000000f0e00000, 0x00000000f1350000, 0x00000000f5ea0000)
  eden space 4416K, 100% used [0x00000000f0e00000, 0x00000000f1250000, 0x00000000f1250000)
  from space 512K,  99% used [0x00000000f1250000, 0x00000000f12cfff0, 0x00000000f12d0000)
  to   space 512K,   0% used [0x00000000f12d0000, 0x00000000f12d0000, 0x00000000f1350000)
 tenured generation   total 10944K, used 1733K [0x00000000f5ea0000, 0x00000000f6950000, 0x0000000100000000)
   the space 10944K,  15% used [0x00000000f5ea0000, 0x00000000f60514a8, 0x00000000f6051600, 0x00000000f6950000)
 Metaspace       used 7845K, capacity 8098K, committed 8320K, reserved 1056768K
  class space    used 939K, capacity 1057K, committed 1152K, reserved 1048576K
Event: 0.519 GC heap after
Heap after GC invocations=5 (full 0):
 def new generation   total 4928K, used 511K [0x00000000f0e00000, 0x00000000f1350000, 0x00000000f5ea0000)
  eden space 4416K,   0% used [0x00000000f0e00000, 0x00000000f0e00000, 0x00000000f1250000)
  from space 512K,  99% used [0x00000000f12d0000, 0x00000000f134fff0, 0x00000000f1350000)
  to   space 512K,   0% used [0x00000000f1250000, 0x00000000f1250000, 0x00000000f12d0000)
 tenured generation   total 10944K, used 2059K [0x00000000f5ea0000, 0x00000000f6950000, 0x0000000100000000)
   the space 10944K,  18% used [0x00000000f5ea0000, 0x00000000f60a2e58, 0x00000000f60a3000, 0x00000000f6950000)
 Metaspace       used 7845K, capacity 8098K, committed 8320K, reserved 1056768K
  class space    used 939K, capacity 1057K, committed 1152K, reserved 1048576K
}
Event: 0.578 GC heap before
{Heap before GC invocations=5 (full 0):
 def new generation   total 4928K, used 4927K [0x00000000f0e00000, 0x00000000f1350000, 0x00000000f5ea0000)
  eden space 4416K, 100% used [0x00000000f0e00000, 0x00000000f1250000, 0x00000000f1250000)
  from space 512K,  99% used [0x00000000f12d0000, 0x00000000f134fff0, 0x00000000f1350000)
  to   space 512K,   0% used [0x00000000f1250000, 0x00000000f1250000, 0x00000000f12d0000)
 tenured generation   total 10944K, used 2059K [0x00000000f5ea0000, 0x00000000f6950000, 0x0000000100000000)
   the space 10944K,  18% used [0x00000000f5ea0000, 0x00000000f60a2e58, 0x00000000f60a3000, 0x00000000f6950000)
 Metaspace       used 8712K, capacity 8926K, committed 9216K, reserved 1056768K
  class space    used 1072K, capacity 1165K, committed 1280K, reserved 1048576K
Event: 0.580 GC heap after
Heap after GC invocations=6 (full 0):
 def new generation   total 4928K, used 511K [0x00000000f0e00000, 0x00000000f1350000, 0x00000000f5ea0000)
  eden space 4416K,   0% used [0x00000000f0e00000, 0x00000000f0e00000, 0x00000000f1250000)
  from space 512K,  99% used [0x00000000f1250000, 0x00000000f12cfff8, 0x00000000f12d0000)
  to   space 512K,   0% used [0x00000000f12d0000, 0x00000000f12d0000, 0x00000000f1350000)
 tenured generation   total 10944K, used 2487K [0x00000000f5ea0000, 0x00000000f6950000, 0x0000000100000000)
   the space 10944K,  22% used [0x00000000f5ea0000, 0x00000000f610df28, 0x00000000f610e000, 0x00000000f6950000)
 Metaspace       used 8712K, capacity 8926K, committed 9216K, reserved 1056768K
  class space    used 1072K, capacity 1165K, committed 1280K, reserved 1048576K
}
Event: 0.630 GC heap before
{Heap before GC invocations=6 (full 0):
 def new generation   total 4928K, used 4927K [0x00000000f0e00000, 0x00000000f1350000, 0x00000000f5ea0000)
  eden space 4416K, 100% used [0x00000000f0e00000, 0x00000000f1250000, 0x00000000f1250000)
  from space 512K,  99% used [0x00000000f1250000, 0x00000000f12cfff8, 0x00000000f12d0000)
  to   space 512K,   0% used [0x00000000f12d0000, 0x00000000f12d0000, 0x00000000f1350000)
 tenured generation   total 10944K, used 2487K [0x00000000f5ea0000, 0x00000000f6950000, 0x0000000100000000)
   the space 10944K,  22% used [0x00000000f5ea0000, 0x00000000f610df28, 0x00000000f610e000, 0x00000000f6950000)
 Metaspace       used 9574K, capacity 9854K, committed 10112K, reserved 1058816K
  class space    used 1199K, capacity 1325K, committed 1408K, reserved 1048576K
Event: 0.632 GC heap after
Heap after GC invocations=7 (full 0):
 def new generation   total 4928K, used 511K [0x00000000f0e00000, 0x00000000f1350000, 0x00000000f5ea0000)
  eden space 4416K,   0% used [0x00000000f0e00000, 0x00000000f0e00000, 0x00000000f1250000)
  from space 512K,  99% used [0x00000000f12d0000, 0x00000000f134fff8, 0x00000000f1350000)
  to   space 512K,   0% used [0x00000000f1250000, 0x00000000f1250000, 0x00000000f12d0000)
 tenured generation   total 10944K, used 2842K [0x00000000f5ea0000, 0x00000000f6950000, 0x0000000100000000)
   the space 10944K,  25% used [0x00000000f5ea0000, 0x00000000f6166878, 0x00000000f6166a00, 0x00000000f6950000)
 Metaspace       used 9574K, capacity 9854K, committed 10112K, reserved 1058816K
  class space    used 1199K, capacity 1325K, committed 1408K, reserved 1048576K
}
Event: 0.838 GC heap before
{Heap before GC invocations=7 (full 0):
 def new generation   total 4928K, used 4927K [0x00000000f0e00000, 0x00000000f1350000, 0x00000000f5ea0000)
  eden space 4416K, 100% used [0x00000000f0e00000, 0x00000000f1250000, 0x00000000f1250000)
  from space 512K,  99% used [0x00000000f12d0000, 0x00000000f134fff8, 0x00000000f1350000)
  to   space 512K,   0% used [0x00000000f1250000, 0x00000000f1250000, 0x00000000f12d0000)
 tenured generation   total 10944K, used 2842K [0x00000000f5ea0000, 0x00000000f6950000, 0x0000000100000000)
   the space 10944K,  25% used [0x00000000f5ea0000, 0x00000000f6166878, 0x00000000f6166a00, 0x00000000f6950000)
 Metaspace       used 10868K, capacity 11208K, committed 11264K, reserved 1058816K
  class space    used 1364K, capacity 1496K, committed 1536K, reserved 1048576K
Event: 0.842 GC heap after
Heap after GC invocations=8 (full 0):
 def new generation   total 4928K, used 511K [0x00000000f0e00000, 0x00000000f1350000, 0x00000000f5ea0000)
  eden space 4416K,   0% used [0x00000000f0e00000, 0x00000000f0e00000, 0x00000000f1250000)
  from space 512K,  99% used [0x00000000f1250000, 0x00000000f12cfff8, 0x00000000f12d0000)
  to   space 512K,   0% used [0x00000000f12d0000, 0x00000000f12d0000, 0x00000000f1350000)
 tenured generation   total 10944K, used 3129K [0x00000000f5ea0000, 0x00000000f6950000, 0x0000000100000000)
   the space 10944K,  28% used [0x00000000f5ea0000, 0x00000000f61ae700, 0x00000000f61ae800, 0x00000000f6950000)
 Metaspace       used 10868K, capacity 11208K, committed 11264K, reserved 1058816K
  class space    used 1364K, capacity 1496K, committed 1536K, reserved 1048576K
}
Event: 86.169 GC heap before
{Heap before GC invocations=8 (full 0):
 def new generation   total 4928K, used 4927K [0x00000000f0e00000, 0x00000000f1350000, 0x00000000f5ea0000)
  eden space 4416K, 100% used [0x00000000f0e00000, 0x00000000f1250000, 0x00000000f1250000)
  from space 512K,  99% used [0x00000000f1250000, 0x00000000f12cfff8, 0x00000000f12d0000)
  to   space 512K,   0% used [0x00000000f12d0000, 0x00000000f12d0000, 0x00000000f1350000)
 tenured generation   total 10944K, used 3129K [0x00000000f5ea0000, 0x00000000f6950000, 0x0000000100000000)
   the space 10944K,  28% used [0x00000000f5ea0000, 0x00000000f61ae700, 0x00000000f61ae800, 0x00000000f6950000)
 Metaspace       used 11143K, capacity 11464K, committed 11520K, reserved 1058816K
  class space    used 1377K, capacity 1496K, committed 1536K, reserved 1048576K
Event: 86.245 GC heap after
Heap after GC invocations=9 (full 0):
 def new generation   total 4928K, used 74K [0x00000000f0e00000, 0x00000000f1350000, 0x00000000f5ea0000)
  eden space 4416K,   0% used [0x00000000f0e00000, 0x00000000f0e00000, 0x00000000f1250000)
  from space 512K,  14% used [0x00000000f12d0000, 0x00000000f12e2aa8, 0x00000000f1350000)
  to   space 512K,   0% used [0x00000000f1250000, 0x00000000f1250000, 0x00000000f12d0000)
 tenured generation   total 10944K, used 3454K [0x00000000f5ea0000, 0x00000000f6950000, 0x0000000100000000)
   the space 10944K,  31% used [0x00000000f5ea0000, 0x00000000f61ff928, 0x00000000f61ffa00, 0x00000000f6950000)
 Metaspace       used 11143K, capacity 11464K, committed 11520K, reserved 1058816K
  class space    used 1377K, capacity 1496K, committed 1536K, reserved 1048576K
}
Event: 182.343 GC heap before
{Heap before GC invocations=9 (full 0):
 def new generation   total 4928K, used 4490K [0x00000000f0e00000, 0x00000000f1350000, 0x00000000f5ea0000)
  eden space 4416K, 100% used [0x00000000f0e00000, 0x00000000f1250000, 0x00000000f1250000)
  from space 512K,  14% used [0x00000000f12d0000, 0x00000000f12e2aa8, 0x00000000f1350000)
  to   space 512K,   0% used [0x00000000f1250000, 0x00000000f1250000, 0x00000000f12d0000)
 tenured generation   total 10944K, used 3454K [0x00000000f5ea0000, 0x00000000f6950000, 0x0000000100000000)
   the space 10944K,  31% used [0x00000000f5ea0000, 0x00000000f61ff928, 0x00000000f61ffa00, 0x00000000f6950000)
 Metaspace       used 11151K, capacity 11464K, committed 11520K, reserved 1058816K
  class space    used 1377K, capacity 1496K, committed 1536K, reserved 1048576K
Event: 182.823 GC heap after
Heap after GC invocations=10 (full 0):
 def new generation   total 4928K, used 21K [0x00000000f0e00000, 0x00000000f1350000, 0x00000000f5ea0000)
  eden space 4416K,   0% used [0x00000000f0e00000, 0x00000000f0e00000, 0x00000000f1250000)
  from space 512K,   4% used [0x00000000f1250000, 0x00000000f1255458, 0x00000000f12d0000)
  to   space 512K,   0% used [0x00000000f12d0000, 0x00000000f12d0000, 0x00000000f1350000)
 tenured generation   total 10944K, used 3454K [0x00000000f5ea0000, 0x00000000f6950000, 0x0000000100000000)
   the space 10944K,  31% used [0x00000000f5ea0000, 0x00000000f61ff928, 0x00000000f61ffa00, 0x00000000f6950000)
 Metaspace       used 11151K, capacity 11464K, committed 11520K, reserved 1058816K
  class space    used 1377K, capacity 1496K, committed 1536K, reserved 1048576K
}

